c:\users\adnan\desktop\lifgraphique\gkit2light-l2_lifgfx\build\obj\x64\debug\app.obj
c:\users\adnan\desktop\lifgraphique\gkit2light-l2_lifgfx\build\obj\x64\debug\orbiter.obj
c:\users\adnan\desktop\lifgraphique\gkit2light-l2_lifgfx\build\obj\x64\debug\window.obj
c:\users\adnan\desktop\lifgraphique\gkit2light-l2_lifgfx\build\obj\x64\debug\app_time.obj
c:\users\adnan\desktop\lifgraphique\gkit2light-l2_lifgfx\build\obj\x64\debug\text.obj
c:\users\adnan\desktop\lifgraphique\gkit2light-l2_lifgfx\build\obj\x64\debug\fantome.obj
c:\users\adnan\desktop\lifgraphique\gkit2light-l2_lifgfx\build\obj\x64\debug\jeu.obj
c:\users\adnan\desktop\lifgraphique\gkit2light-l2_lifgfx\build\obj\x64\debug\draw.obj
c:\users\adnan\desktop\lifgraphique\gkit2light-l2_lifgfx\build\obj\x64\debug\widgets.obj
c:\users\adnan\desktop\lifgraphique\gkit2light-l2_lifgfx\build\obj\x64\debug\pacman.obj
c:\users\adnan\desktop\lifgraphique\gkit2light-l2_lifgfx\build\obj\x64\debug\image_io.obj
c:\users\adnan\desktop\lifgraphique\gkit2light-l2_lifgfx\build\obj\x64\debug\uniforms.obj
c:\users\adnan\desktop\lifgraphique\gkit2light-l2_lifgfx\build\obj\x64\debug\viewer_etudiant.obj
c:\users\adnan\desktop\lifgraphique\gkit2light-l2_lifgfx\build\obj\x64\debug\gamepads.obj
c:\users\adnan\desktop\lifgraphique\gkit2light-l2_lifgfx\build\obj\x64\debug\rgbe.obj
c:\users\adnan\desktop\lifgraphique\gkit2light-l2_lifgfx\build\obj\x64\debug\texture.obj
c:\users\adnan\desktop\lifgraphique\gkit2light-l2_lifgfx\build\obj\x64\debug\wavefront.obj
c:\users\adnan\desktop\lifgraphique\gkit2light-l2_lifgfx\build\obj\x64\debug\color.obj
c:\users\adnan\desktop\lifgraphique\gkit2light-l2_lifgfx\build\obj\x64\debug\mesh.obj
c:\users\adnan\desktop\lifgraphique\gkit2light-l2_lifgfx\build\obj\x64\debug\viewer.obj
c:\users\adnan\desktop\lifgraphique\gkit2light-l2_lifgfx\build\obj\x64\debug\image_hdr.obj
c:\users\adnan\desktop\lifgraphique\gkit2light-l2_lifgfx\build\obj\x64\debug\program.obj
c:\users\adnan\desktop\lifgraphique\gkit2light-l2_lifgfx\build\obj\x64\debug\animationcurve.obj
c:\users\adnan\desktop\lifgraphique\gkit2light-l2_lifgfx\build\obj\x64\debug\image.obj
c:\users\adnan\desktop\lifgraphique\gkit2light-l2_lifgfx\build\obj\x64\debug\mat.obj
c:\users\adnan\desktop\lifgraphique\gkit2light-l2_lifgfx\build\obj\x64\debug\vec.obj
c:\users\adnan\desktop\lifgraphique\gkit2light-l2_lifgfx\build\obj\x64\debug\terrain.obj
c:\users\adnan\desktop\lifgraphique\gkit2light-l2_lifgfx\build\obj\x64\debug\vc143.pdb
c:\users\adnan\desktop\lifgraphique\gkit2light-l2_lifgfx\build\obj\x64\debug\vc143.idb
c:\users\adnan\desktop\lifgraphique\gkit2light-l2_lifgfx\bin\l2_lifgfx.exe
c:\users\adnan\desktop\lifgraphique\gkit2light-l2_lifgfx\build\obj\x64\debug\l2_lifgfx.ilk
c:\users\adnan\desktop\lifgraphique\gkit2light-l2_lifgfx\bin\l2_lifgfx.pdb
c:\users\adnan\desktop\lifgraphique\gkit2light-l2_lifgfx\build\obj\x64\debug\viewer_etudiant.obj.enc
c:\users\adnan\desktop\lifgraphique\gkit2light-l2_lifgfx\build\obj\x64\debug\l2_lifgfx.tlog\cl.command.1.tlog
c:\users\adnan\desktop\lifgraphique\gkit2light-l2_lifgfx\build\obj\x64\debug\l2_lifgfx.tlog\cl.read.1.tlog
c:\users\adnan\desktop\lifgraphique\gkit2light-l2_lifgfx\build\obj\x64\debug\l2_lifgfx.tlog\cl.write.1.tlog
c:\users\adnan\desktop\lifgraphique\gkit2light-l2_lifgfx\build\obj\x64\debug\l2_lifgfx.tlog\link.command.1.tlog
c:\users\adnan\desktop\lifgraphique\gkit2light-l2_lifgfx\build\obj\x64\debug\l2_lifgfx.tlog\link.read.1.tlog
c:\users\adnan\desktop\lifgraphique\gkit2light-l2_lifgfx\build\obj\x64\debug\l2_lifgfx.tlog\link.write.1.tlog
