c:\users\adeld\onedrive\bureau\lifgraphique\gkit2light-l2_lifgfx\build\obj\x32\debug\image.obj
c:\users\adeld\onedrive\bureau\lifgraphique\gkit2light-l2_lifgfx\build\obj\x32\debug\mat.obj
c:\users\adeld\onedrive\bureau\lifgraphique\gkit2light-l2_lifgfx\build\obj\x32\debug\window.obj
c:\users\adeld\onedrive\bureau\lifgraphique\gkit2light-l2_lifgfx\build\obj\x32\debug\app_time.obj
c:\users\adeld\onedrive\bureau\lifgraphique\gkit2light-l2_lifgfx\build\obj\x32\debug\orbiter.obj
c:\users\adeld\onedrive\bureau\lifgraphique\gkit2light-l2_lifgfx\build\obj\x32\debug\widgets.obj
c:\users\adeld\onedrive\bureau\lifgraphique\gkit2light-l2_lifgfx\build\obj\x32\debug\pacman.obj
c:\users\adeld\onedrive\bureau\lifgraphique\gkit2light-l2_lifgfx\build\obj\x32\debug\app.obj
c:\users\adeld\onedrive\bureau\lifgraphique\gkit2light-l2_lifgfx\build\obj\x32\debug\mesh.obj
c:\users\adeld\onedrive\bureau\lifgraphique\gkit2light-l2_lifgfx\build\obj\x32\debug\jeu.obj
c:\users\adeld\onedrive\bureau\lifgraphique\gkit2light-l2_lifgfx\build\obj\x32\debug\gamepads.obj
c:\users\adeld\onedrive\bureau\lifgraphique\gkit2light-l2_lifgfx\build\obj\x32\debug\rgbe.obj
c:\users\adeld\onedrive\bureau\lifgraphique\gkit2light-l2_lifgfx\build\obj\x32\debug\uniforms.obj
c:\users\adeld\onedrive\bureau\lifgraphique\gkit2light-l2_lifgfx\build\obj\x32\debug\viewer.obj
c:\users\adeld\onedrive\bureau\lifgraphique\gkit2light-l2_lifgfx\build\obj\x32\debug\image_hdr.obj
c:\users\adeld\onedrive\bureau\lifgraphique\gkit2light-l2_lifgfx\build\obj\x32\debug\text.obj
c:\users\adeld\onedrive\bureau\lifgraphique\gkit2light-l2_lifgfx\build\obj\x32\debug\viewer_etudiant.obj
c:\users\adeld\onedrive\bureau\lifgraphique\gkit2light-l2_lifgfx\build\obj\x32\debug\image_io.obj
c:\users\adeld\onedrive\bureau\lifgraphique\gkit2light-l2_lifgfx\build\obj\x32\debug\texture.obj
c:\users\adeld\onedrive\bureau\lifgraphique\gkit2light-l2_lifgfx\build\obj\x32\debug\vec.obj
c:\users\adeld\onedrive\bureau\lifgraphique\gkit2light-l2_lifgfx\build\obj\x32\debug\fantome.obj
c:\users\adeld\onedrive\bureau\lifgraphique\gkit2light-l2_lifgfx\build\obj\x32\debug\terrain.obj
c:\users\adeld\onedrive\bureau\lifgraphique\gkit2light-l2_lifgfx\build\obj\x32\debug\color.obj
c:\users\adeld\onedrive\bureau\lifgraphique\gkit2light-l2_lifgfx\build\obj\x32\debug\program.obj
c:\users\adeld\onedrive\bureau\lifgraphique\gkit2light-l2_lifgfx\build\obj\x32\debug\animationcurve.obj
c:\users\adeld\onedrive\bureau\lifgraphique\gkit2light-l2_lifgfx\build\obj\x32\debug\draw.obj
c:\users\adeld\onedrive\bureau\lifgraphique\gkit2light-l2_lifgfx\build\obj\x32\debug\wavefront.obj
c:\users\adeld\onedrive\bureau\lifgraphique\gkit2light-l2_lifgfx\build\obj\x32\debug\vc142.pdb
c:\users\adeld\onedrive\bureau\lifgraphique\gkit2light-l2_lifgfx\build\obj\x32\debug\vc142.idb
c:\users\adeld\onedrive\bureau\lifgraphique\gkit2light-l2_lifgfx\bin\l2_lifgfx.exe
c:\users\adeld\onedrive\bureau\lifgraphique\gkit2light-l2_lifgfx\build\obj\x32\debug\l2_lifgfx.ilk
c:\users\adeld\onedrive\bureau\lifgraphique\gkit2light-l2_lifgfx\bin\l2_lifgfx.pdb
c:\users\adeld\onedrive\bureau\lifgraphique\gkit2light-l2_lifgfx\build\obj\x32\debug\l2_lifgfx.tlog\cl.command.1.tlog
c:\users\adeld\onedrive\bureau\lifgraphique\gkit2light-l2_lifgfx\build\obj\x32\debug\l2_lifgfx.tlog\cl.read.1.tlog
c:\users\adeld\onedrive\bureau\lifgraphique\gkit2light-l2_lifgfx\build\obj\x32\debug\l2_lifgfx.tlog\cl.write.1.tlog
c:\users\adeld\onedrive\bureau\lifgraphique\gkit2light-l2_lifgfx\build\obj\x32\debug\l2_lifgfx.tlog\link.command.1.tlog
c:\users\adeld\onedrive\bureau\lifgraphique\gkit2light-l2_lifgfx\build\obj\x32\debug\l2_lifgfx.tlog\link.read.1.tlog
c:\users\adeld\onedrive\bureau\lifgraphique\gkit2light-l2_lifgfx\build\obj\x32\debug\l2_lifgfx.tlog\link.write.1.tlog
